<?xml version="1.0" encoding="UTF-8"?>
<testng-results skipped="0" failed="0" ignored="0" total="1" passed="1">
  <reporter-output>
  </reporter-output>
  <suite name="Default suite" duration-ms="21793" started-at="2021-11-19T05:31:31Z" finished-at="2021-11-19T05:31:52Z">
    <groups>
    </groups>
    <test name="Default test" duration-ms="21793" started-at="2021-11-19T05:31:31Z" finished-at="2021-11-19T05:31:52Z">
      <class name="multiplication.TC_1">
        <test-method status="PASS" signature="setup()[pri:0, instance:multiplication.TC_1@5f2108b5]" name="setup" is-config="true" duration-ms="141" started-at="2021-11-19T05:31:31Z" finished-at="2021-11-19T05:31:31Z">
          <reporter-output>
          </reporter-output>
        </test-method> <!-- setup -->
        <test-method status="PASS" signature="f()[pri:0, instance:multiplication.TC_1@5f2108b5]" name="f" duration-ms="21513" started-at="2021-11-19T05:31:31Z" finished-at="2021-11-19T05:31:52Z">
          <reporter-output>
          </reporter-output>
        </test-method> <!-- f -->
      </class> <!-- multiplication.TC_1 -->
    </test> <!-- Default test -->
  </suite> <!-- Default suite -->
</testng-results>
